# JRE version: Java(TM) SE Runtime Environment (8.0_211-b12) (build 1.8.0_211-b12)
# Java VM: Java HotSpot(TM) 64-Bit Server VM (25.211-b12 mixed mode windows-amd64 compressed oops)
Heap:
 PSYoungGen      total 142336K, used 17708K [0x00000000d5f00000, 0x00000000df500000, 0x0000000100000000)
  eden space 132608K, 6% used [0x00000000d5f00000,0x00000000d66d2388,0x00000000de080000)
  from space 9728K, 99% used [0x00000000dea80000,0x00000000df3f8d90,0x00000000df400000)
  to   space 10240K, 0% used [0x00000000de080000,0x00000000de080000,0x00000000dea80000)
 ParOldGen       total 87552K, used 47453K [0x0000000081c00000, 0x0000000087180000, 0x00000000d5f00000)
  object space 87552K, 54% used [0x0000000081c00000,0x0000000084a577e8,0x0000000087180000)
 Metaspace       used 19981K, capacity 20424K, committed 20608K, reserved 1067008K
  class space    used 2244K, capacity 2361K, committed 2432K, reserved 1048576K
GC Heap History (10 events):
Event: 4.299 GC heap before
{Heap before GC invocations=4 (full 0):
 PSYoungGen      total 38400K, used 38384K [0x00000000d5f00000, 0x00000000daa00000, 0x0000000100000000)
  eden space 33280K, 100% used [0x00000000d5f00000,0x00000000d7f80000,0x00000000d7f80000)
  from space 5120K, 99% used [0x00000000d7f80000,0x00000000d847c010,0x00000000d8480000)
  to   space 5120K, 0% used [0x00000000da500000,0x00000000da500000,0x00000000daa00000)
 ParOldGen       total 87552K, used 3095K [0x0000000081c00000, 0x0000000087180000, 0x00000000d5f00000)
  object space 87552K, 3% used [0x0000000081c00000,0x0000000081f05e80,0x0000000087180000)
 Metaspace       used 12177K, capacity 12382K, committed 12672K, reserved 1060864K
  class space    used 1454K, capacity 1542K, committed 1664K, reserved 1048576K
Event: 4.312 GC heap after
Heap after GC invocations=4 (full 0):
 PSYoungGen      total 71680K, used 5088K [0x00000000d5f00000, 0x00000000daa00000, 0x0000000100000000)
  eden space 66560K, 0% used [0x00000000d5f00000,0x00000000d5f00000,0x00000000da000000)
  from space 5120K, 99% used [0x00000000da500000,0x00000000da9f8020,0x00000000daa00000)
  to   space 5120K, 0% used [0x00000000da000000,0x00000000da000000,0x00000000da500000)
 ParOldGen       total 87552K, used 4908K [0x0000000081c00000, 0x0000000087180000, 0x00000000d5f00000)
  object space 87552K, 5% used [0x0000000081c00000,0x00000000820cb1e8,0x0000000087180000)
 Metaspace       used 12177K, capacity 12382K, committed 12672K, reserved 1060864K
  class space    used 1454K, capacity 1542K, committed 1664K, reserved 1048576K
}
Event: 5.074 GC heap before
{Heap before GC invocations=5 (full 0):
 PSYoungGen      total 71680K, used 71648K [0x00000000d5f00000, 0x00000000daa00000, 0x0000000100000000)
  eden space 66560K, 100% used [0x00000000d5f00000,0x00000000da000000,0x00000000da000000)
  from space 5120K, 99% used [0x00000000da500000,0x00000000da9f8020,0x00000000daa00000)
  to   space 5120K, 0% used [0x00000000da000000,0x00000000da000000,0x00000000da500000)
 ParOldGen       total 87552K, used 4908K [0x0000000081c00000, 0x0000000087180000, 0x00000000d5f00000)
  object space 87552K, 5% used [0x0000000081c00000,0x00000000820cb1e8,0x0000000087180000)
 Metaspace       used 12397K, capacity 12624K, committed 12928K, reserved 1060864K
  class space    used 1462K, capacity 1552K, committed 1664K, reserved 1048576K
Event: 5.091 GC heap after
Heap after GC invocations=5 (full 0):
 PSYoungGen      total 71680K, used 5088K [0x00000000d5f00000, 0x00000000df400000, 0x0000000100000000)
  eden space 66560K, 0% used [0x00000000d5f00000,0x00000000d5f00000,0x00000000da000000)
  from space 5120K, 99% used [0x00000000da000000,0x00000000da4f8020,0x00000000da500000)
  to   space 9728K, 0% used [0x00000000dea80000,0x00000000dea80000,0x00000000df400000)
 ParOldGen       total 87552K, used 8567K [0x0000000081c00000, 0x0000000087180000, 0x00000000d5f00000)
  object space 87552K, 9% used [0x0000000081c00000,0x000000008245df48,0x0000000087180000)
 Metaspace       used 12397K, capacity 12624K, committed 12928K, reserved 1060864K
  class space    used 1462K, capacity 1552K, committed 1664K, reserved 1048576K
}
Event: 5.613 GC heap before
{Heap before GC invocations=6 (full 0):
 PSYoungGen      total 71680K, used 71648K [0x00000000d5f00000, 0x00000000df400000, 0x0000000100000000)
  eden space 66560K, 100% used [0x00000000d5f00000,0x00000000da000000,0x00000000da000000)
  from space 5120K, 99% used [0x00000000da000000,0x00000000da4f8020,0x00000000da500000)
  to   space 9728K, 0% used [0x00000000dea80000,0x00000000dea80000,0x00000000df400000)
 ParOldGen       total 87552K, used 8567K [0x0000000081c00000, 0x0000000087180000, 0x00000000d5f00000)
  object space 87552K, 9% used [0x0000000081c00000,0x000000008245df48,0x0000000087180000)
 Metaspace       used 12622K, capacity 12816K, committed 12928K, reserved 1060864K
  class space    used 1463K, capacity 1552K, committed 1664K, reserved 1048576K
Event: 5.641 GC heap after
Heap after GC invocations=6 (full 0):
 PSYoungGen      total 142336K, used 8384K [0x00000000d5f00000, 0x00000000df500000, 0x0000000100000000)
  eden space 132608K, 0% used [0x00000000d5f00000,0x00000000d5f00000,0x00000000de080000)
  from space 9728K, 86% used [0x00000000dea80000,0x00000000df2b0020,0x00000000df400000)
  to   space 10240K, 0% used [0x00000000de080000,0x00000000de080000,0x00000000dea80000)
 ParOldGen       total 87552K, used 8575K [0x0000000081c00000, 0x0000000087180000, 0x00000000d5f00000)
  object space 87552K, 9% used [0x0000000081c00000,0x000000008245ff48,0x0000000087180000)
 Metaspace       used 12622K, capacity 12816K, committed 12928K, reserved 1060864K
  class space    used 1463K, capacity 1552K, committed 1664K, reserved 1048576K
}
Event: 11.482 GC heap before
{Heap before GC invocations=7 (full 0):
 PSYoungGen      total 142336K, used 140992K [0x00000000d5f00000, 0x00000000df500000, 0x0000000100000000)
  eden space 132608K, 100% used [0x00000000d5f00000,0x00000000de080000,0x00000000de080000)
  from space 9728K, 86% used [0x00000000dea80000,0x00000000df2b0020,0x00000000df400000)
  to   space 10240K, 0% used [0x00000000de080000,0x00000000de080000,0x00000000dea80000)
 ParOldGen       total 87552K, used 8575K [0x0000000081c00000, 0x0000000087180000, 0x00000000d5f00000)
  object space 87552K, 9% used [0x0000000081c00000,0x000000008245ff48,0x0000000087180000)
 Metaspace       used 18131K, capacity 18578K, committed 18688K, reserved 1064960K
  class space    used 2144K, capacity 2259K, committed 2304K, reserved 1048576K
Event: 11.507 GC heap after
Heap after GC invocations=7 (full 0):
 PSYoungGen      total 142848K, used 10210K [0x00000000d5f00000, 0x00000000df500000, 0x0000000100000000)
  eden space 132608K, 0% used [0x00000000d5f00000,0x00000000d5f00000,0x00000000de080000)
  from space 10240K, 99% used [0x00000000de080000,0x00000000dea78b28,0x00000000dea80000)
  to   space 9728K, 0% used [0x00000000dea80000,0x00000000dea80000,0x00000000df400000)
 ParOldGen       total 87552K, used 12922K [0x0000000081c00000, 0x0000000087180000, 0x00000000d5f00000)
  object space 87552K, 14% used [0x0000000081c00000,0x000000008289eb00,0x0000000087180000)
 Metaspace       used 18131K, capacity 18578K, committed 18688K, reserved 1064960K
  class space    used 2144K, capacity 2259K, committed 2304K, reserved 1048576K
}
Event: 14.788 GC heap before
{Heap before GC invocations=8 (full 0):
 PSYoungGen      total 142848K, used 142818K [0x00000000d5f00000, 0x00000000df500000, 0x0000000100000000)
  eden space 132608K, 100% used [0x00000000d5f00000,0x00000000de080000,0x00000000de080000)
  from space 10240K, 99% used [0x00000000de080000,0x00000000dea78b28,0x00000000dea80000)
  to   space 9728K, 0% used [0x00000000dea80000,0x00000000dea80000,0x00000000df400000)
 ParOldGen       total 87552K, used 12922K [0x0000000081c00000, 0x0000000087180000, 0x00000000d5f00000)
  object space 87552K, 14% used [0x0000000081c00000,0x000000008289eb00,0x0000000087180000)
 Metaspace       used 19800K, capacity 20178K, committed 20352K, reserved 1067008K
  class space    used 2229K, capacity 2323K, committed 2432K, reserved 1048576K
Event: 14.856 GC heap after
Heap after GC invocations=8 (full 0):
 PSYoungGen      total 142336K, used 9699K [0x00000000d5f00000, 0x00000000df500000, 0x0000000100000000)
  eden space 132608K, 0% used [0x00000000d5f00000,0x00000000d5f00000,0x00000000de080000)
  from space 9728K, 99% used [0x00000000dea80000,0x00000000df3f8d90,0x00000000df400000)
  to   space 10240K, 0% used [0x00000000de080000,0x00000000de080000,0x00000000dea80000)
 ParOldGen       total 87552K, used 47453K [0x0000000081c00000, 0x0000000087180000, 0x00000000d5f00000)
  object space 87552K, 54% used [0x0000000081c00000,0x0000000084a577e8,0x0000000087180000)
 Metaspace       used 19800K, capacity 20178K, committed 20352K, reserved 1067008K
  class space    used 2229K, capacity 2323K, committed 2432K, reserved 1048576K
}

