# JRE version: Java(TM) SE Runtime Environment (8.0_211-b12) (build 1.8.0_211-b12)
# Java VM: Java HotSpot(TM) 64-Bit Server VM (25.211-b12 mixed mode windows-amd64 compressed oops)
Heap:
 PSYoungGen      total 144896K, used 13266K [0x00000000d5f00000, 0x00000000df900000, 0x0000000100000000)
  eden space 132608K, 10% used [0x00000000d5f00000,0x00000000d6bf48a0,0x00000000de080000)
  from space 12288K, 0% used [0x00000000ded00000,0x00000000ded00000,0x00000000df900000)
  to   space 12288K, 0% used [0x00000000de080000,0x00000000de080000,0x00000000dec80000)
 ParOldGen       total 149504K, used 77159K [0x0000000081c00000, 0x000000008ae00000, 0x00000000d5f00000)
  object space 149504K, 51% used [0x0000000081c00000,0x0000000086759fc0,0x000000008ae00000)
 Metaspace       used 21888K, capacity 22506K, committed 22656K, reserved 1069056K
  class space    used 2471K, capacity 2628K, committed 2688K, reserved 1048576K
GC Heap History (10 events):
Event: 15.481 GC heap before
{Heap before GC invocations=18 (full 5):
 PSYoungGen      total 144896K, used 144885K [0x00000000d5f00000, 0x00000000df900000, 0x0000000100000000)
  eden space 132608K, 100% used [0x00000000d5f00000,0x00000000de080000,0x00000000de080000)
  from space 12288K, 99% used [0x00000000ded00000,0x00000000df8fd608,0x00000000df900000)
  to   space 12288K, 0% used [0x00000000de080000,0x00000000de080000,0x00000000dec80000)
 ParOldGen       total 87552K, used 16699K [0x0000000081c00000, 0x0000000087180000, 0x00000000d5f00000)
  object space 87552K, 19% used [0x0000000081c00000,0x0000000082c4eeb0,0x0000000087180000)
 Metaspace       used 21044K, capacity 21660K, committed 21760K, reserved 1069056K
  class space    used 2385K, capacity 2560K, committed 2560K, reserved 1048576K
Event: 15.519 GC heap after
Heap after GC invocations=18 (full 5):
 PSYoungGen      total 144896K, used 12265K [0x00000000d5f00000, 0x00000000df900000, 0x0000000100000000)
  eden space 132608K, 0% used [0x00000000d5f00000,0x00000000d5f00000,0x00000000de080000)
  from space 12288K, 99% used [0x00000000de080000,0x00000000dec7a408,0x00000000dec80000)
  to   space 12288K, 0% used [0x00000000ded00000,0x00000000ded00000,0x00000000df900000)
 ParOldGen       total 87552K, used 39737K [0x0000000081c00000, 0x0000000087180000, 0x00000000d5f00000)
  object space 87552K, 45% used [0x0000000081c00000,0x00000000842ce778,0x0000000087180000)
 Metaspace       used 21044K, capacity 21660K, committed 21760K, reserved 1069056K
  class space    used 2385K, capacity 2560K, committed 2560K, reserved 1048576K
}
Event: 16.981 GC heap before
{Heap before GC invocations=19 (full 5):
 PSYoungGen      total 144896K, used 144873K [0x00000000d5f00000, 0x00000000df900000, 0x0000000100000000)
  eden space 132608K, 100% used [0x00000000d5f00000,0x00000000de080000,0x00000000de080000)
  from space 12288K, 99% used [0x00000000de080000,0x00000000dec7a408,0x00000000dec80000)
  to   space 12288K, 0% used [0x00000000ded00000,0x00000000ded00000,0x00000000df900000)
 ParOldGen       total 87552K, used 39737K [0x0000000081c00000, 0x0000000087180000, 0x00000000d5f00000)
  object space 87552K, 45% used [0x0000000081c00000,0x00000000842ce778,0x0000000087180000)
 Metaspace       used 21218K, capacity 21736K, committed 22144K, reserved 1069056K
  class space    used 2394K, capacity 2562K, committed 2688K, reserved 1048576K
Event: 16.999 GC heap after
Heap after GC invocations=19 (full 5):
 PSYoungGen      total 144896K, used 1568K [0x00000000d5f00000, 0x00000000df900000, 0x0000000100000000)
  eden space 132608K, 0% used [0x00000000d5f00000,0x00000000d5f00000,0x00000000de080000)
  from space 12288K, 12% used [0x00000000ded00000,0x00000000dee88040,0x00000000df900000)
  to   space 12288K, 0% used [0x00000000de080000,0x00000000de080000,0x00000000dec80000)
 ParOldGen       total 87552K, used 52046K [0x0000000081c00000, 0x0000000087180000, 0x00000000d5f00000)
  object space 87552K, 59% used [0x0000000081c00000,0x0000000084ed3928,0x0000000087180000)
 Metaspace       used 21218K, capacity 21736K, committed 22144K, reserved 1069056K
  class space    used 2394K, capacity 2562K, committed 2688K, reserved 1048576K
}
Event: 19.182 GC heap before
{Heap before GC invocations=20 (full 5):
 PSYoungGen      total 144896K, used 134176K [0x00000000d5f00000, 0x00000000df900000, 0x0000000100000000)
  eden space 132608K, 100% used [0x00000000d5f00000,0x00000000de080000,0x00000000de080000)
  from space 12288K, 12% used [0x00000000ded00000,0x00000000dee88040,0x00000000df900000)
  to   space 12288K, 0% used [0x00000000de080000,0x00000000de080000,0x00000000dec80000)
 ParOldGen       total 87552K, used 52046K [0x0000000081c00000, 0x0000000087180000, 0x00000000d5f00000)
  object space 87552K, 59% used [0x0000000081c00000,0x0000000084ed3928,0x0000000087180000)
 Metaspace       used 21300K, capacity 21866K, committed 22144K, reserved 1069056K
  class space    used 2396K, capacity 2564K, committed 2688K, reserved 1048576K
Event: 19.200 GC heap after
Heap after GC invocations=20 (full 5):
 PSYoungGen      total 144896K, used 12284K [0x00000000d5f00000, 0x00000000df900000, 0x0000000100000000)
  eden space 132608K, 0% used [0x00000000d5f00000,0x00000000d5f00000,0x00000000de080000)
  from space 12288K, 99% used [0x00000000de080000,0x00000000dec7f068,0x00000000dec80000)
  to   space 12288K, 0% used [0x00000000ded00000,0x00000000ded00000,0x00000000df900000)
 ParOldGen       total 87552K, used 57804K [0x0000000081c00000, 0x0000000087180000, 0x00000000d5f00000)
  object space 87552K, 66% used [0x0000000081c00000,0x00000000854733e8,0x0000000087180000)
 Metaspace       used 21300K, capacity 21866K, committed 22144K, reserved 1069056K
  class space    used 2396K, capacity 2564K, committed 2688K, reserved 1048576K
}
Event: 21.168 GC heap before
{Heap before GC invocations=21 (full 5):
 PSYoungGen      total 144896K, used 144892K [0x00000000d5f00000, 0x00000000df900000, 0x0000000100000000)
  eden space 132608K, 100% used [0x00000000d5f00000,0x00000000de080000,0x00000000de080000)
  from space 12288K, 99% used [0x00000000de080000,0x00000000dec7f068,0x00000000dec80000)
  to   space 12288K, 0% used [0x00000000ded00000,0x00000000ded00000,0x00000000df900000)
 ParOldGen       total 87552K, used 57804K [0x0000000081c00000, 0x0000000087180000, 0x00000000d5f00000)
  object space 87552K, 66% used [0x0000000081c00000,0x00000000854733e8,0x0000000087180000)
 Metaspace       used 21341K, capacity 21930K, committed 22144K, reserved 1069056K
  class space    used 2396K, capacity 2564K, committed 2688K, reserved 1048576K
Event: 21.205 GC heap after
Heap after GC invocations=21 (full 5):
 PSYoungGen      total 144896K, used 12259K [0x00000000d5f00000, 0x00000000df900000, 0x0000000100000000)
  eden space 132608K, 0% used [0x00000000d5f00000,0x00000000d5f00000,0x00000000de080000)
  from space 12288K, 99% used [0x00000000ded00000,0x00000000df8f8f20,0x00000000df900000)
  to   space 12288K, 0% used [0x00000000de080000,0x00000000de080000,0x00000000dec80000)
 ParOldGen       total 87552K, used 72357K [0x0000000081c00000, 0x0000000087180000, 0x00000000d5f00000)
  object space 87552K, 82% used [0x0000000081c00000,0x00000000862a94d0,0x0000000087180000)
 Metaspace       used 21341K, capacity 21930K, committed 22144K, reserved 1069056K
  class space    used 2396K, capacity 2564K, committed 2688K, reserved 1048576K
}
Event: 21.205 GC heap before
{Heap before GC invocations=22 (full 6):
 PSYoungGen      total 144896K, used 12259K [0x00000000d5f00000, 0x00000000df900000, 0x0000000100000000)
  eden space 132608K, 0% used [0x00000000d5f00000,0x00000000d5f00000,0x00000000de080000)
  from space 12288K, 99% used [0x00000000ded00000,0x00000000df8f8f20,0x00000000df900000)
  to   space 12288K, 0% used [0x00000000de080000,0x00000000de080000,0x00000000dec80000)
 ParOldGen       total 87552K, used 72357K [0x0000000081c00000, 0x0000000087180000, 0x00000000d5f00000)
  object space 87552K, 82% used [0x0000000081c00000,0x00000000862a94d0,0x0000000087180000)
 Metaspace       used 21341K, capacity 21930K, committed 22144K, reserved 1069056K
  class space    used 2396K, capacity 2564K, committed 2688K, reserved 1048576K
Event: 21.693 GC heap after
Heap after GC invocations=22 (full 6):
 PSYoungGen      total 144896K, used 0K [0x00000000d5f00000, 0x00000000df900000, 0x0000000100000000)
  eden space 132608K, 0% used [0x00000000d5f00000,0x00000000d5f00000,0x00000000de080000)
  from space 12288K, 0% used [0x00000000ded00000,0x00000000ded00000,0x00000000df900000)
  to   space 12288K, 0% used [0x00000000de080000,0x00000000de080000,0x00000000dec80000)
 ParOldGen       total 149504K, used 77159K [0x0000000081c00000, 0x000000008ae00000, 0x00000000d5f00000)
  object space 149504K, 51% used [0x0000000081c00000,0x0000000086759fc0,0x000000008ae00000)
 Metaspace       used 21341K, capacity 21930K, committed 22144K, reserved 1069056K
  class space    used 2396K, capacity 2564K, committed 2688K, reserved 1048576K
}

