# JRE version: Java(TM) SE Runtime Environment (8.0_211-b12) (build 1.8.0_211-b12)
# Java VM: Java HotSpot(TM) 64-Bit Server VM (25.211-b12 mixed mode windows-amd64 compressed oops)
Heap:
 PSYoungGen      total 143872K, used 80539K [0x00000000d5f00000, 0x00000000df800000, 0x0000000100000000)
  eden space 132096K, 52% used [0x00000000d5f00000,0x00000000da22e290,0x00000000de000000)
  from space 11776K, 99% used [0x00000000de000000,0x00000000deb78c10,0x00000000deb80000)
  to   space 10752K, 0% used [0x00000000deb80000,0x00000000deb80000,0x00000000df600000)
 ParOldGen       total 87552K, used 17095K [0x0000000081c00000, 0x0000000087180000, 0x00000000d5f00000)
  object space 87552K, 19% used [0x0000000081c00000,0x0000000082cb1de0,0x0000000087180000)
 Metaspace       used 19454K, capacity 19896K, committed 20096K, reserved 1067008K
  class space    used 2213K, capacity 2356K, committed 2432K, reserved 1048576K
GC Heap History (10 events):
Event: 6.303 GC heap before
{Heap before GC invocations=7 (full 0):
 PSYoungGen      total 141312K, used 53249K [0x00000000d5f00000, 0x00000000df500000, 0x0000000100000000)
  eden space 132096K, 33% used [0x00000000d5f00000,0x00000000d8a94570,0x00000000de000000)
  from space 9216K, 93% used [0x00000000dea00000,0x00000000df26c010,0x00000000df300000)
  to   space 10240K, 0% used [0x00000000de000000,0x00000000de000000,0x00000000dea00000)
 ParOldGen       total 87552K, used 8656K [0x0000000081c00000, 0x0000000087180000, 0x00000000d5f00000)
  object space 87552K, 9% used [0x0000000081c00000,0x00000000824741a0,0x0000000087180000)
 Metaspace       used 13526K, capacity 13716K, committed 13952K, reserved 1060864K
  class space    used 1563K, capacity 1658K, committed 1664K, reserved 1048576K
Event: 6.323 GC heap after
Heap after GC invocations=7 (full 0):
 PSYoungGen      total 142336K, used 8939K [0x00000000d5f00000, 0x00000000df600000, 0x0000000100000000)
  eden space 132096K, 0% used [0x00000000d5f00000,0x00000000d5f00000,0x00000000de000000)
  from space 10240K, 87% used [0x00000000de000000,0x00000000de8baf78,0x00000000dea00000)
  to   space 10752K, 0% used [0x00000000deb80000,0x00000000deb80000,0x00000000df600000)
 ParOldGen       total 87552K, used 10600K [0x0000000081c00000, 0x0000000087180000, 0x00000000d5f00000)
  object space 87552K, 12% used [0x0000000081c00000,0x000000008265a1f0,0x0000000087180000)
 Metaspace       used 13526K, capacity 13716K, committed 13952K, reserved 1060864K
  class space    used 1563K, capacity 1658K, committed 1664K, reserved 1048576K
}
Event: 6.323 GC heap before
{Heap before GC invocations=8 (full 1):
 PSYoungGen      total 142336K, used 8939K [0x00000000d5f00000, 0x00000000df600000, 0x0000000100000000)
  eden space 132096K, 0% used [0x00000000d5f00000,0x00000000d5f00000,0x00000000de000000)
  from space 10240K, 87% used [0x00000000de000000,0x00000000de8baf78,0x00000000dea00000)
  to   space 10752K, 0% used [0x00000000deb80000,0x00000000deb80000,0x00000000df600000)
 ParOldGen       total 87552K, used 10600K [0x0000000081c00000, 0x0000000087180000, 0x00000000d5f00000)
  object space 87552K, 12% used [0x0000000081c00000,0x000000008265a1f0,0x0000000087180000)
 Metaspace       used 13526K, capacity 13716K, committed 13952K, reserved 1060864K
  class space    used 1563K, capacity 1658K, committed 1664K, reserved 1048576K
Event: 6.429 GC heap after
Heap after GC invocations=8 (full 1):
 PSYoungGen      total 142336K, used 0K [0x00000000d5f00000, 0x00000000df600000, 0x0000000100000000)
  eden space 132096K, 0% used [0x00000000d5f00000,0x00000000d5f00000,0x00000000de000000)
  from space 10240K, 0% used [0x00000000de000000,0x00000000de000000,0x00000000dea00000)
  to   space 10752K, 0% used [0x00000000deb80000,0x00000000deb80000,0x00000000df600000)
 ParOldGen       total 87552K, used 15402K [0x0000000081c00000, 0x0000000087180000, 0x00000000d5f00000)
  object space 87552K, 17% used [0x0000000081c00000,0x0000000082b0a818,0x0000000087180000)
 Metaspace       used 13526K, capacity 13716K, committed 13952K, reserved 1060864K
  class space    used 1563K, capacity 1658K, committed 1664K, reserved 1048576K
}
Event: 6.548 GC heap before
{Heap before GC invocations=9 (full 1):
 PSYoungGen      total 142336K, used 2609K [0x00000000d5f00000, 0x00000000df600000, 0x0000000100000000)
  eden space 132096K, 1% used [0x00000000d5f00000,0x00000000d618c7a0,0x00000000de000000)
  from space 10240K, 0% used [0x00000000de000000,0x00000000de000000,0x00000000dea00000)
  to   space 10752K, 0% used [0x00000000deb80000,0x00000000deb80000,0x00000000df600000)
 ParOldGen       total 87552K, used 15402K [0x0000000081c00000, 0x0000000087180000, 0x00000000d5f00000)
  object space 87552K, 17% used [0x0000000081c00000,0x0000000082b0a818,0x0000000087180000)
 Metaspace       used 13526K, capacity 13716K, committed 13952K, reserved 1060864K
  class space    used 1563K, capacity 1658K, committed 1664K, reserved 1048576K
Event: 6.549 GC heap after
Heap after GC invocations=9 (full 1):
 PSYoungGen      total 142848K, used 32K [0x00000000d5f00000, 0x00000000df800000, 0x0000000100000000)
  eden space 132096K, 0% used [0x00000000d5f00000,0x00000000d5f00000,0x00000000de000000)
  from space 10752K, 0% used [0x00000000deb80000,0x00000000deb88000,0x00000000df600000)
  to   space 11776K, 0% used [0x00000000de000000,0x00000000de000000,0x00000000deb80000)
 ParOldGen       total 87552K, used 15402K [0x0000000081c00000, 0x0000000087180000, 0x00000000d5f00000)
  object space 87552K, 17% used [0x0000000081c00000,0x0000000082b0a818,0x0000000087180000)
 Metaspace       used 13526K, capacity 13716K, committed 13952K, reserved 1060864K
  class space    used 1563K, capacity 1658K, committed 1664K, reserved 1048576K
}
Event: 6.549 GC heap before
{Heap before GC invocations=10 (full 2):
 PSYoungGen      total 142848K, used 32K [0x00000000d5f00000, 0x00000000df800000, 0x0000000100000000)
  eden space 132096K, 0% used [0x00000000d5f00000,0x00000000d5f00000,0x00000000de000000)
  from space 10752K, 0% used [0x00000000deb80000,0x00000000deb88000,0x00000000df600000)
  to   space 11776K, 0% used [0x00000000de000000,0x00000000de000000,0x00000000deb80000)
 ParOldGen       total 87552K, used 15402K [0x0000000081c00000, 0x0000000087180000, 0x00000000d5f00000)
  object space 87552K, 17% used [0x0000000081c00000,0x0000000082b0a818,0x0000000087180000)
 Metaspace       used 13526K, capacity 13716K, committed 13952K, reserved 1060864K
  class space    used 1563K, capacity 1658K, committed 1664K, reserved 1048576K
Event: 6.676 GC heap after
Heap after GC invocations=10 (full 2):
 PSYoungGen      total 142848K, used 0K [0x00000000d5f00000, 0x00000000df800000, 0x0000000100000000)
  eden space 132096K, 0% used [0x00000000d5f00000,0x00000000d5f00000,0x00000000de000000)
  from space 10752K, 0% used [0x00000000deb80000,0x00000000deb80000,0x00000000df600000)
  to   space 11776K, 0% used [0x00000000de000000,0x00000000de000000,0x00000000deb80000)
 ParOldGen       total 87552K, used 14900K [0x0000000081c00000, 0x0000000087180000, 0x00000000d5f00000)
  object space 87552K, 17% used [0x0000000081c00000,0x0000000082a8d140,0x0000000087180000)
 Metaspace       used 13526K, capacity 13716K, committed 13952K, reserved 1060864K
  class space    used 1563K, capacity 1658K, committed 1664K, reserved 1048576K
}
Event: 12.959 GC heap before
{Heap before GC invocations=11 (full 2):
 PSYoungGen      total 142848K, used 132096K [0x00000000d5f00000, 0x00000000df800000, 0x0000000100000000)
  eden space 132096K, 100% used [0x00000000d5f00000,0x00000000de000000,0x00000000de000000)
  from space 10752K, 0% used [0x00000000deb80000,0x00000000deb80000,0x00000000df600000)
  to   space 11776K, 0% used [0x00000000de000000,0x00000000de000000,0x00000000deb80000)
 ParOldGen       total 87552K, used 14900K [0x0000000081c00000, 0x0000000087180000, 0x00000000d5f00000)
  object space 87552K, 17% used [0x0000000081c00000,0x0000000082a8d140,0x0000000087180000)
 Metaspace       used 18771K, capacity 19224K, committed 19584K, reserved 1067008K
  class space    used 2183K, capacity 2324K, committed 2432K, reserved 1048576K
Event: 12.983 GC heap after
Heap after GC invocations=11 (full 2):
 PSYoungGen      total 143872K, used 11747K [0x00000000d5f00000, 0x00000000df800000, 0x0000000100000000)
  eden space 132096K, 0% used [0x00000000d5f00000,0x00000000d5f00000,0x00000000de000000)
  from space 11776K, 99% used [0x00000000de000000,0x00000000deb78c10,0x00000000deb80000)
  to   space 10752K, 0% used [0x00000000deb80000,0x00000000deb80000,0x00000000df600000)
 ParOldGen       total 87552K, used 17095K [0x0000000081c00000, 0x0000000087180000, 0x00000000d5f00000)
  object space 87552K, 19% used [0x0000000081c00000,0x0000000082cb1de0,0x0000000087180000)
 Metaspace       used 18771K, capacity 19224K, committed 19584K, reserved 1067008K
  class space    used 2183K, capacity 2324K, committed 2432K, reserved 1048576K
}

